<?xml version="1.0" encoding="UTF-8"?>
<!-- Generated by org.testng.reporters.JUnitReportReporter -->
<testsuite hostname="LAPTOP-FBHNE3ES" failures="0" tests="1" name="com.example.AppTest" time="0.006" errors="0" timestamp="2025-02-21T20:10:36 IST" skipped="0">
  <testcase classname="com.example.AppTest" name="givenNumber_whenEven_thenTrue" time="0.006"/>
  <system-out/>
</testsuite> <!-- com.example.AppTest -->
